# JRE version: OpenJDK Runtime Environment (11.0.13) (build 11.0.13+0-b1751.21-8125866)
# Java VM: OpenJDK 64-Bit Server VM (11.0.13+0-b1751.21-8125866, mixed mode, tiered, compressed oops, g1 gc, windows-amd64)
Heap:
 garbage-first heap   total 258048K, used 139275K [0x0000000080000000, 0x0000000100000000)
  region size 1024K, 8 young (8192K), 7 survivors (7168K)
 Metaspace       used 106926K, capacity 109316K, committed 109940K, reserved 1144832K
  class space    used 13166K, capacity 14062K, committed 14464K, reserved 1048576K
GC Heap History (20 events):
Event: 6.323 GC heap before
{Heap before GC invocations=10 (full 0):
 garbage-first heap   total 258048K, used 179898K [0x0000000080000000, 0x0000000100000000)
  region size 1024K, 121 young (123904K), 3 survivors (3072K)
 Metaspace       used 69007K, capacity 70454K, committed 70608K, reserved 1110016K
  class space    used 8630K, capacity 9217K, committed 9344K, reserved 1048576K
}
Event: 6.327 GC heap after
{Heap after GC invocations=11 (full 0):
 garbage-first heap   total 258048K, used 59859K [0x0000000080000000, 0x0000000100000000)
  region size 1024K, 11 young (11264K), 11 survivors (11264K)
 Metaspace       used 69007K, capacity 70454K, committed 70608K, reserved 1110016K
  class space    used 8630K, capacity 9217K, committed 9344K, reserved 1048576K
}
Event: 7.598 GC heap before
{Heap before GC invocations=11 (full 0):
 garbage-first heap   total 258048K, used 180691K [0x0000000080000000, 0x0000000100000000)
  region size 1024K, 129 young (132096K), 11 survivors (11264K)
 Metaspace       used 78269K, capacity 79994K, committed 80208K, reserved 1118208K
  class space    used 10034K, capacity 10672K, committed 10752K, reserved 1048576K
}
Event: 7.602 GC heap after
{Heap after GC invocations=12 (full 0):
 garbage-first heap   total 258048K, used 67114K [0x0000000080000000, 0x0000000100000000)
  region size 1024K, 8 young (8192K), 8 survivors (8192K)
 Metaspace       used 78269K, capacity 79994K, committed 80208K, reserved 1118208K
  class space    used 10034K, capacity 10672K, committed 10752K, reserved 1048576K
}
Event: 8.687 GC heap before
{Heap before GC invocations=12 (full 0):
 garbage-first heap   total 258048K, used 185898K [0x0000000080000000, 0x0000000100000000)
  region size 1024K, 125 young (128000K), 8 survivors (8192K)
 Metaspace       used 89141K, capacity 91606K, committed 91728K, reserved 1128448K
  class space    used 11535K, capacity 12460K, committed 12544K, reserved 1048576K
}
Event: 8.694 GC heap after
{Heap after GC invocations=13 (full 0):
 garbage-first heap   total 258048K, used 76912K [0x0000000080000000, 0x0000000100000000)
  region size 1024K, 16 young (16384K), 16 survivors (16384K)
 Metaspace       used 89141K, capacity 91606K, committed 91728K, reserved 1128448K
  class space    used 11535K, capacity 12460K, committed 12544K, reserved 1048576K
}
Event: 9.267 GC heap before
{Heap before GC invocations=13 (full 0):
 garbage-first heap   total 258048K, used 191600K [0x0000000080000000, 0x0000000100000000)
  region size 1024K, 129 young (132096K), 16 survivors (16384K)
 Metaspace       used 90169K, capacity 92772K, committed 92880K, reserved 1130496K
  class space    used 11648K, capacity 12632K, committed 12672K, reserved 1048576K
}
Event: 9.275 GC heap after
{Heap after GC invocations=14 (full 0):
 garbage-first heap   total 258048K, used 87516K [0x0000000080000000, 0x0000000100000000)
  region size 1024K, 11 young (11264K), 11 survivors (11264K)
 Metaspace       used 90169K, capacity 92772K, committed 92880K, reserved 1130496K
  class space    used 11648K, capacity 12632K, committed 12672K, reserved 1048576K
}
Event: 10.035 GC heap before
{Heap before GC invocations=14 (full 0):
 garbage-first heap   total 258048K, used 196060K [0x0000000080000000, 0x0000000100000000)
  region size 1024K, 118 young (120832K), 11 survivors (11264K)
 Metaspace       used 95148K, capacity 97678K, committed 97872K, reserved 1134592K
  class space    used 12291K, capacity 13280K, committed 13312K, reserved 1048576K
}
Event: 10.039 GC heap after
{Heap after GC invocations=15 (full 0):
 garbage-first heap   total 258048K, used 92221K [0x0000000080000000, 0x0000000100000000)
  region size 1024K, 7 young (7168K), 7 survivors (7168K)
 Metaspace       used 95148K, capacity 97678K, committed 97872K, reserved 1134592K
  class space    used 12291K, capacity 13280K, committed 13312K, reserved 1048576K
}
Event: 10.648 GC heap before
{Heap before GC invocations=15 (full 0):
 garbage-first heap   total 258048K, used 193597K [0x0000000080000000, 0x0000000100000000)
  region size 1024K, 108 young (110592K), 7 survivors (7168K)
 Metaspace       used 98132K, capacity 100664K, committed 100816K, reserved 1136640K
  class space    used 12591K, capacity 13593K, committed 13696K, reserved 1048576K
}
Event: 10.653 GC heap after
{Heap after GC invocations=16 (full 0):
 garbage-first heap   total 258048K, used 98527K [0x0000000080000000, 0x0000000100000000)
  region size 1024K, 13 young (13312K), 13 survivors (13312K)
 Metaspace       used 98132K, capacity 100664K, committed 100816K, reserved 1136640K
  class space    used 12591K, capacity 13593K, committed 13696K, reserved 1048576K
}
Event: 75.606 GC heap before
{Heap before GC invocations=17 (full 0):
 garbage-first heap   total 258048K, used 206047K [0x0000000080000000, 0x0000000100000000)
  region size 1024K, 116 young (118784K), 13 survivors (13312K)
 Metaspace       used 102193K, capacity 104366K, committed 105588K, reserved 1140736K
  class space    used 12700K, capacity 13492K, committed 13952K, reserved 1048576K
}
Event: 75.641 GC heap after
{Heap after GC invocations=18 (full 0):
 garbage-first heap   total 258048K, used 123060K [0x0000000080000000, 0x0000000100000000)
  region size 1024K, 15 young (15360K), 15 survivors (15360K)
 Metaspace       used 102193K, capacity 104366K, committed 105588K, reserved 1140736K
  class space    used 12700K, capacity 13492K, committed 13952K, reserved 1048576K
}
Event: 76.173 GC heap before
{Heap before GC invocations=19 (full 0):
 garbage-first heap   total 258048K, used 166068K [0x0000000080000000, 0x0000000100000000)
  region size 1024K, 51 young (52224K), 15 survivors (15360K)
 Metaspace       used 102785K, capacity 104979K, committed 106228K, reserved 1142784K
  class space    used 12758K, capacity 13590K, committed 14080K, reserved 1048576K
}
Event: 76.206 GC heap after
{Heap after GC invocations=20 (full 0):
 garbage-first heap   total 258048K, used 138849K [0x0000000080000000, 0x0000000100000000)
  region size 1024K, 11 young (11264K), 11 survivors (11264K)
 Metaspace       used 102785K, capacity 104979K, committed 106228K, reserved 1142784K
  class space    used 12758K, capacity 13590K, committed 14080K, reserved 1048576K
}
Event: 82.554 GC heap before
{Heap before GC invocations=21 (full 0):
 garbage-first heap   total 258048K, used 210529K [0x0000000080000000, 0x0000000100000000)
  region size 1024K, 61 young (62464K), 11 survivors (11264K)
 Metaspace       used 106034K, capacity 108315K, committed 109300K, reserved 1144832K
  class space    used 13098K, capacity 13957K, committed 14336K, reserved 1048576K
}
Event: 82.558 GC heap after
{Heap after GC invocations=22 (full 0):
 garbage-first heap   total 258048K, used 134913K [0x0000000080000000, 0x0000000100000000)
  region size 1024K, 6 young (6144K), 6 survivors (6144K)
 Metaspace       used 106034K, capacity 108315K, committed 109300K, reserved 1144832K
  class space    used 13098K, capacity 13957K, committed 14336K, reserved 1048576K
}
Event: 82.669 GC heap before
{Heap before GC invocations=22 (full 0):
 garbage-first heap   total 258048K, used 140033K [0x0000000080000000, 0x0000000100000000)
  region size 1024K, 12 young (12288K), 6 survivors (6144K)
 Metaspace       used 106299K, capacity 108726K, committed 109684K, reserved 1144832K
  class space    used 13133K, capacity 14011K, committed 14464K, reserved 1048576K
}
Event: 82.672 GC heap after
{Heap after GC invocations=23 (full 0):
 garbage-first heap   total 258048K, used 133532K [0x0000000080000000, 0x0000000100000000)
  region size 1024K, 2 young (2048K), 2 survivors (2048K)
 Metaspace       used 106299K, capacity 108726K, committed 109684K, reserved 1144832K
  class space    used 13133K, capacity 14011K, committed 14464K, reserved 1048576K
}

