# JRE version: OpenJDK Runtime Environment (11.0.13) (build 11.0.13+0-b1751.21-8125866)
# Java VM: OpenJDK 64-Bit Server VM (11.0.13+0-b1751.21-8125866, mixed mode, tiered, compressed oops, g1 gc, windows-amd64)
Heap:
 garbage-first heap   total 258048K, used 107884K [0x0000000080000000, 0x0000000100000000)
  region size 1024K, 51 young (52224K), 13 survivors (13312K)
 Metaspace       used 88031K, capacity 90090K, committed 90320K, reserved 1128448K
  class space    used 11318K, capacity 12130K, committed 12160K, reserved 1048576K
GC Heap History (20 events):
Event: 0.638 GC heap before
{Heap before GC invocations=0 (full 0):
 garbage-first heap   total 258048K, used 29696K [0x0000000080000000, 0x0000000100000000)
  region size 1024K, 24 young (24576K), 0 survivors (0K)
 Metaspace       used 10233K, capacity 10467K, committed 10624K, reserved 1058816K
  class space    used 1047K, capacity 1106K, committed 1152K, reserved 1048576K
}
Event: 0.657 GC heap after
{Heap after GC invocations=1 (full 0):
 garbage-first heap   total 258048K, used 9168K [0x0000000080000000, 0x0000000100000000)
  region size 1024K, 3 young (3072K), 3 survivors (3072K)
 Metaspace       used 10233K, capacity 10467K, committed 10624K, reserved 1058816K
  class space    used 1047K, capacity 1106K, committed 1152K, reserved 1048576K
}
Event: 2.159 GC heap before
{Heap before GC invocations=1 (full 0):
 garbage-first heap   total 258048K, used 113616K [0x0000000080000000, 0x0000000100000000)
  region size 1024K, 106 young (108544K), 3 survivors (3072K)
 Metaspace       used 20776K, capacity 21149K, committed 21296K, reserved 1069056K
  class space    used 2505K, capacity 2648K, committed 2688K, reserved 1048576K
}
Event: 2.167 GC heap after
{Heap after GC invocations=2 (full 0):
 garbage-first heap   total 258048K, used 16672K [0x0000000080000000, 0x0000000100000000)
  region size 1024K, 11 young (11264K), 11 survivors (11264K)
 Metaspace       used 20776K, capacity 21149K, committed 21296K, reserved 1069056K
  class space    used 2505K, capacity 2648K, committed 2688K, reserved 1048576K
}
Event: 2.348 GC heap before
{Heap before GC invocations=3 (full 0):
 garbage-first heap   total 258048K, used 43296K [0x0000000080000000, 0x0000000100000000)
  region size 1024K, 37 young (37888K), 11 survivors (11264K)
 Metaspace       used 23028K, capacity 23518K, committed 23856K, reserved 1071104K
  class space    used 2905K, capacity 3103K, committed 3200K, reserved 1048576K
}
Event: 2.354 GC heap after
{Heap after GC invocations=4 (full 0):
 garbage-first heap   total 258048K, used 18041K [0x0000000080000000, 0x0000000100000000)
  region size 1024K, 2 young (2048K), 2 survivors (2048K)
 Metaspace       used 23028K, capacity 23518K, committed 23856K, reserved 1071104K
  class space    used 2905K, capacity 3103K, committed 3200K, reserved 1048576K
}
Event: 3.243 GC heap before
{Heap before GC invocations=4 (full 0):
 garbage-first heap   total 258048K, used 109177K [0x0000000080000000, 0x0000000100000000)
  region size 1024K, 92 young (94208K), 2 survivors (2048K)
 Metaspace       used 35007K, capacity 35741K, committed 35920K, reserved 1081344K
  class space    used 4469K, capacity 4780K, committed 4864K, reserved 1048576K
}
Event: 3.249 GC heap after
{Heap after GC invocations=5 (full 0):
 garbage-first heap   total 258048K, used 22130K [0x0000000080000000, 0x0000000100000000)
  region size 1024K, 6 young (6144K), 6 survivors (6144K)
 Metaspace       used 35007K, capacity 35741K, committed 35920K, reserved 1081344K
  class space    used 4469K, capacity 4780K, committed 4864K, reserved 1048576K
}
Event: 4.681 GC heap before
{Heap before GC invocations=6 (full 0):
 garbage-first heap   total 258048K, used 147058K [0x0000000080000000, 0x0000000100000000)
  region size 1024K, 125 young (128000K), 6 survivors (6144K)
 Metaspace       used 45207K, capacity 46219K, committed 46416K, reserved 1089536K
  class space    used 5722K, capacity 6105K, committed 6144K, reserved 1048576K
}
Event: 4.687 GC heap after
{Heap after GC invocations=7 (full 0):
 garbage-first heap   total 258048K, used 29466K [0x0000000080000000, 0x0000000100000000)
  region size 1024K, 13 young (13312K), 13 survivors (13312K)
 Metaspace       used 45207K, capacity 46219K, committed 46416K, reserved 1089536K
  class space    used 5722K, capacity 6105K, committed 6144K, reserved 1048576K
}
Event: 5.959 GC heap before
{Heap before GC invocations=7 (full 0):
 garbage-first heap   total 258048K, used 178970K [0x0000000080000000, 0x0000000100000000)
  region size 1024K, 151 young (154624K), 13 survivors (13312K)
 Metaspace       used 53276K, capacity 54751K, committed 54992K, reserved 1097728K
  class space    used 6740K, capacity 7270K, committed 7296K, reserved 1048576K
}
Event: 5.968 GC heap after
{Heap after GC invocations=8 (full 0):
 garbage-first heap   total 258048K, used 49763K [0x0000000080000000, 0x0000000100000000)
  region size 1024K, 19 young (19456K), 19 survivors (19456K)
 Metaspace       used 53276K, capacity 54751K, committed 54992K, reserved 1097728K
  class space    used 6740K, capacity 7270K, committed 7296K, reserved 1048576K
}
Event: 6.552 GC heap before
{Heap before GC invocations=8 (full 0):
 garbage-first heap   total 258048K, used 84579K [0x0000000080000000, 0x0000000100000000)
  region size 1024K, 54 young (55296K), 19 survivors (19456K)
 Metaspace       used 58645K, capacity 60163K, committed 60240K, reserved 1101824K
  class space    used 7327K, capacity 7915K, committed 7936K, reserved 1048576K
}
Event: 6.564 GC heap after
{Heap after GC invocations=9 (full 0):
 garbage-first heap   total 258048K, used 52310K [0x0000000080000000, 0x0000000100000000)
  region size 1024K, 3 young (3072K), 3 survivors (3072K)
 Metaspace       used 58645K, capacity 60163K, committed 60240K, reserved 1101824K
  class space    used 7327K, capacity 7915K, committed 7936K, reserved 1048576K
}
Event: 8.344 GC heap before
{Heap before GC invocations=10 (full 0):
 garbage-first heap   total 258048K, used 157782K [0x0000000080000000, 0x0000000100000000)
  region size 1024K, 99 young (101376K), 3 survivors (3072K)
 Metaspace       used 67368K, capacity 68997K, committed 69072K, reserved 1110016K
  class space    used 8438K, capacity 9077K, committed 9088K, reserved 1048576K
}
Event: 8.351 GC heap after
{Heap after GC invocations=11 (full 0):
 garbage-first heap   total 258048K, used 58223K [0x0000000080000000, 0x0000000100000000)
  region size 1024K, 9 young (9216K), 9 survivors (9216K)
 Metaspace       used 67368K, capacity 68997K, committed 69072K, reserved 1110016K
  class space    used 8438K, capacity 9077K, committed 9088K, reserved 1048576K
}
Event: 10.053 GC heap before
{Heap before GC invocations=11 (full 0):
 garbage-first heap   total 258048K, used 159599K [0x0000000080000000, 0x0000000100000000)
  region size 1024K, 108 young (110592K), 9 survivors (9216K)
 Metaspace       used 74513K, capacity 76189K, committed 76368K, reserved 1116160K
  class space    used 9539K, capacity 10190K, committed 10240K, reserved 1048576K
}
Event: 10.058 GC heap after
{Heap after GC invocations=12 (full 0):
 garbage-first heap   total 258048K, used 64880K [0x0000000080000000, 0x0000000100000000)
  region size 1024K, 7 young (7168K), 7 survivors (7168K)
 Metaspace       used 74513K, capacity 76189K, committed 76368K, reserved 1116160K
  class space    used 9539K, capacity 10190K, committed 10240K, reserved 1048576K
}
Event: 11.668 GC heap before
{Heap before GC invocations=12 (full 0):
 garbage-first heap   total 258048K, used 169328K [0x0000000080000000, 0x0000000100000000)
  region size 1024K, 109 young (111616K), 7 survivors (7168K)
 Metaspace       used 84466K, capacity 86328K, committed 86480K, reserved 1124352K
  class space    used 10859K, capacity 11566K, committed 11648K, reserved 1048576K
}
Event: 11.674 GC heap after
{Heap after GC invocations=13 (full 0):
 garbage-first heap   total 258048K, used 71020K [0x0000000080000000, 0x0000000100000000)
  region size 1024K, 13 young (13312K), 13 survivors (13312K)
 Metaspace       used 84466K, capacity 86328K, committed 86480K, reserved 1124352K
  class space    used 10859K, capacity 11566K, committed 11648K, reserved 1048576K
}

